<?xml version="1.0" encoding="UTF-8"?>
<testsuite xmlns:xsi="http://www.w3.org/2001/XMLSchema-instance" xsi:noNamespaceSchemaLocation="https://maven.apache.org/surefire/maven-surefire-plugin/xsd/surefire-test-report.xsd" name="com.basis.sge.service.recurso.TestNegativosRecursoIT" time="9.128" tests="4" errors="3" skipped="0" failures="0">
  <properties>
[...]
</properties>
  <testcase name="listarTeste" classname="com.basis.sge.service.recurso.TestNegativosRecursoIT" time="1.186"/>
  <testcase name="idInexistente" classname="com.basis.sge.service.recurso.TestNegativosRecursoIT" time="0.161">
    <error message="Request processing failed; nested exception is com.basis.sge.service.servico.RegraNegocioException: Evento não encontrado" type="org.springframework.web.util.NestedServletException">org.springframework.web.util.NestedServletException: Request processing failed; nested exception is com.basis.sge.service.servico.RegraNegocioException: Evento não encontrado
	at com.basis.sge.service.recurso.TestNegativosRecursoIT.idInexistente(TestNegativosRecursoIT.java:57)
Caused by: com.basis.sge.service.servico.RegraNegocioException: Evento não encontrado
	at com.basis.sge.service.recurso.TestNegativosRecursoIT.idInexistente(TestNegativosRecursoIT.java:57)
</error>
    <system-out><![CDATA[2021-01-22 15:50:15.703  INFO 10932 --- [           main] o.s.t.c.transaction.TransactionContext   : Began transaction (1) for test context [DefaultTestContext@5db05003 testClass = TestNegativosRecursoIT, testInstance = com.basis.sge.service.recurso.TestNegativosRecursoIT@12223f2b, testMethod = idInexistente@TestNegativosRecursoIT, testException = [null], mergedContextConfiguration = [WebMergedContextConfiguration@57e9dd1f testClass = TestNegativosRecursoIT, locations = '{}', classes = '{class com.basis.sge.service.ServiceApplication, class com.basis.sge.service.ServiceApplication}', contextInitializerClasses = '[]', activeProfiles = '{}', propertySourceLocations = '{}', propertySourceProperties = '{org.springframework.boot.test.context.SpringBootTestContextBootstrapper=true}', contextCustomizers = set[org.springframework.boot.test.context.filter.ExcludeFilterContextCustomizer@58695725, org.springframework.boot.test.json.DuplicateJsonObjectContextCustomizerFactory$DuplicateJsonObjectContextCustomizer@4fb3ee4e, org.springframework.boot.test.mock.mockito.MockitoContextCustomizer@0, org.springframework.boot.test.web.client.TestRestTemplateContextCustomizer@593aaf41, org.springframework.boot.test.autoconfigure.properties.PropertyMappingContextCustomizer@0, org.springframework.boot.test.autoconfigure.web.servlet.WebDriverContextCustomizerFactory$Customizer@659499f1, org.springframework.boot.test.context.SpringBootTestArgs@1], resourceBasePath = 'src/main/webapp', contextLoader = 'org.springframework.boot.test.context.SpringBootContextLoader', parent = [null]], attributes = map['org.springframework.test.context.web.ServletTestExecutionListener.activateListener' -> true, 'org.springframework.test.context.web.ServletTestExecutionListener.populatedRequestContextHolder' -> true, 'org.springframework.test.context.web.ServletTestExecutionListener.resetRequestContextHolder' -> true]]; transaction manager [org.springframework.orm.jpa.JpaTransactionManager@457607d8]; rollback [true]
2021-01-22 15:50:15.715  INFO 10932 --- [           main] o.s.b.t.m.w.SpringBootMockServletContext : Initializing Spring TestDispatcherServlet ''
2021-01-22 15:50:15.717  INFO 10932 --- [           main] o.s.t.web.servlet.TestDispatcherServlet  : Initializing Servlet ''
2021-01-22 15:50:15.730  INFO 10932 --- [           main] o.s.t.web.servlet.TestDispatcherServlet  : Completed initialization in 12 ms
Hibernate: select evento0_.id as id1_0_, evento0_.data_inicio as data_ini2_0_, evento0_.data_termino as data_ter3_0_, evento0_.descricao as descrica4_0_, evento0_.local as local5_0_, evento0_.qt_vagas as qt_vagas6_0_, evento0_.id_tipo_evento as id_tipo10_0_, evento0_.tipo_inscricao as tipo_ins7_0_, evento0_.titulo as titulo8_0_, evento0_.valor as valor9_0_ from evento evento0_
Hibernate: select evento0_.id as col_0_0_ from evento evento0_ where evento0_.titulo=? limit ?
Hibernate: select count(*) as col_0_0_ from tipo_evento tipoevento0_ where tipoevento0_.id=?
Hibernate: select nextval ('sq_evento')
Hibernate: select tipoevento_.id, tipoevento_.descricao as descrica2_5_ from tipo_evento tipoevento_ where tipoevento_.id=?
Hibernate: select evento0_.id as id1_0_0_, evento0_.data_inicio as data_ini2_0_0_, evento0_.data_termino as data_ter3_0_0_, evento0_.descricao as descrica4_0_0_, evento0_.local as local5_0_0_, evento0_.qt_vagas as qt_vagas6_0_0_, evento0_.id_tipo_evento as id_tipo10_0_0_, evento0_.tipo_inscricao as tipo_ins7_0_0_, evento0_.titulo as titulo8_0_0_, evento0_.valor as valor9_0_0_ from evento evento0_ where evento0_.id=?
2021-01-22 15:50:15.840  INFO 10932 --- [           main] o.s.t.c.transaction.TransactionContext   : Rolled back transaction for test: [DefaultTestContext@5db05003 testClass = TestNegativosRecursoIT, testInstance = com.basis.sge.service.recurso.TestNegativosRecursoIT@12223f2b, testMethod = idInexistente@TestNegativosRecursoIT, testException = org.springframework.web.util.NestedServletException: Request processing failed; nested exception is com.basis.sge.service.servico.RegraNegocioException: Evento não encontrado, mergedContextConfiguration = [WebMergedContextConfiguration@57e9dd1f testClass = TestNegativosRecursoIT, locations = '{}', classes = '{class com.basis.sge.service.ServiceApplication, class com.basis.sge.service.ServiceApplication}', contextInitializerClasses = '[]', activeProfiles = '{}', propertySourceLocations = '{}', propertySourceProperties = '{org.springframework.boot.test.context.SpringBootTestContextBootstrapper=true}', contextCustomizers = set[org.springframework.boot.test.context.filter.ExcludeFilterContextCustomizer@58695725, org.springframework.boot.test.json.DuplicateJsonObjectContextCustomizerFactory$DuplicateJsonObjectContextCustomizer@4fb3ee4e, org.springframework.boot.test.mock.mockito.MockitoContextCustomizer@0, org.springframework.boot.test.web.client.TestRestTemplateContextCustomizer@593aaf41, org.springframework.boot.test.autoconfigure.properties.PropertyMappingContextCustomizer@0, org.springframework.boot.test.autoconfigure.web.servlet.WebDriverContextCustomizerFactory$Customizer@659499f1, org.springframework.boot.test.context.SpringBootTestArgs@1], resourceBasePath = 'src/main/webapp', contextLoader = 'org.springframework.boot.test.context.SpringBootContextLoader', parent = [null]], attributes = map['org.springframework.test.context.web.ServletTestExecutionListener.activateListener' -> true, 'org.springframework.test.context.web.ServletTestExecutionListener.populatedRequestContextHolder' -> true, 'org.springframework.test.context.web.ServletTestExecutionListener.resetRequestContextHolder' -> true]]
]]></system-out>
  </testcase>
  <testcase name="tipoEventoInexistenteTest" classname="com.basis.sge.service.recurso.TestNegativosRecursoIT" time="0.037">
    <error message="Request processing failed; nested exception is com.basis.sge.service.servico.RegraNegocioException: Evento não encontrado" type="org.springframework.web.util.NestedServletException">org.springframework.web.util.NestedServletException: Request processing failed; nested exception is com.basis.sge.service.servico.RegraNegocioException: Evento não encontrado
	at com.basis.sge.service.recurso.TestNegativosRecursoIT.tipoEventoInexistenteTest(TestNegativosRecursoIT.java:75)
Caused by: com.basis.sge.service.servico.RegraNegocioException: Evento não encontrado
	at com.basis.sge.service.recurso.TestNegativosRecursoIT.tipoEventoInexistenteTest(TestNegativosRecursoIT.java:75)
</error>
    <system-out><![CDATA[2021-01-22 15:50:15.866  INFO 10932 --- [           main] o.s.t.c.transaction.TransactionContext   : Began transaction (1) for test context [DefaultTestContext@5db05003 testClass = TestNegativosRecursoIT, testInstance = com.basis.sge.service.recurso.TestNegativosRecursoIT@d931617, testMethod = tipoEventoInexistenteTest@TestNegativosRecursoIT, testException = [null], mergedContextConfiguration = [WebMergedContextConfiguration@57e9dd1f testClass = TestNegativosRecursoIT, locations = '{}', classes = '{class com.basis.sge.service.ServiceApplication, class com.basis.sge.service.ServiceApplication}', contextInitializerClasses = '[]', activeProfiles = '{}', propertySourceLocations = '{}', propertySourceProperties = '{org.springframework.boot.test.context.SpringBootTestContextBootstrapper=true}', contextCustomizers = set[org.springframework.boot.test.context.filter.ExcludeFilterContextCustomizer@58695725, org.springframework.boot.test.json.DuplicateJsonObjectContextCustomizerFactory$DuplicateJsonObjectContextCustomizer@4fb3ee4e, org.springframework.boot.test.mock.mockito.MockitoContextCustomizer@0, org.springframework.boot.test.web.client.TestRestTemplateContextCustomizer@593aaf41, org.springframework.boot.test.autoconfigure.properties.PropertyMappingContextCustomizer@0, org.springframework.boot.test.autoconfigure.web.servlet.WebDriverContextCustomizerFactory$Customizer@659499f1, org.springframework.boot.test.context.SpringBootTestArgs@1], resourceBasePath = 'src/main/webapp', contextLoader = 'org.springframework.boot.test.context.SpringBootContextLoader', parent = [null]], attributes = map['org.springframework.test.context.web.ServletTestExecutionListener.activateListener' -> true, 'org.springframework.test.context.web.ServletTestExecutionListener.populatedRequestContextHolder' -> true, 'org.springframework.test.context.web.ServletTestExecutionListener.resetRequestContextHolder' -> true]]; transaction manager [org.springframework.orm.jpa.JpaTransactionManager@457607d8]; rollback [true]
2021-01-22 15:50:15.870  INFO 10932 --- [           main] o.s.b.t.m.w.SpringBootMockServletContext : Initializing Spring TestDispatcherServlet ''
2021-01-22 15:50:15.871  INFO 10932 --- [           main] o.s.t.web.servlet.TestDispatcherServlet  : Initializing Servlet ''
2021-01-22 15:50:15.877  INFO 10932 --- [           main] o.s.t.web.servlet.TestDispatcherServlet  : Completed initialization in 5 ms
Hibernate: select evento0_.id as id1_0_, evento0_.data_inicio as data_ini2_0_, evento0_.data_termino as data_ter3_0_, evento0_.descricao as descrica4_0_, evento0_.local as local5_0_, evento0_.qt_vagas as qt_vagas6_0_, evento0_.id_tipo_evento as id_tipo10_0_, evento0_.tipo_inscricao as tipo_ins7_0_, evento0_.titulo as titulo8_0_, evento0_.valor as valor9_0_ from evento evento0_
Hibernate: select evento0_.id as id1_0_0_, evento0_.data_inicio as data_ini2_0_0_, evento0_.data_termino as data_ter3_0_0_, evento0_.descricao as descrica4_0_0_, evento0_.local as local5_0_0_, evento0_.qt_vagas as qt_vagas6_0_0_, evento0_.id_tipo_evento as id_tipo10_0_0_, evento0_.tipo_inscricao as tipo_ins7_0_0_, evento0_.titulo as titulo8_0_0_, evento0_.valor as valor9_0_0_ from evento evento0_ where evento0_.id=?
2021-01-22 15:50:15.897  INFO 10932 --- [           main] o.s.t.c.transaction.TransactionContext   : Rolled back transaction for test: [DefaultTestContext@5db05003 testClass = TestNegativosRecursoIT, testInstance = com.basis.sge.service.recurso.TestNegativosRecursoIT@d931617, testMethod = tipoEventoInexistenteTest@TestNegativosRecursoIT, testException = org.springframework.web.util.NestedServletException: Request processing failed; nested exception is com.basis.sge.service.servico.RegraNegocioException: Evento não encontrado, mergedContextConfiguration = [WebMergedContextConfiguration@57e9dd1f testClass = TestNegativosRecursoIT, locations = '{}', classes = '{class com.basis.sge.service.ServiceApplication, class com.basis.sge.service.ServiceApplication}', contextInitializerClasses = '[]', activeProfiles = '{}', propertySourceLocations = '{}', propertySourceProperties = '{org.springframework.boot.test.context.SpringBootTestContextBootstrapper=true}', contextCustomizers = set[org.springframework.boot.test.context.filter.ExcludeFilterContextCustomizer@58695725, org.springframework.boot.test.json.DuplicateJsonObjectContextCustomizerFactory$DuplicateJsonObjectContextCustomizer@4fb3ee4e, org.springframework.boot.test.mock.mockito.MockitoContextCustomizer@0, org.springframework.boot.test.web.client.TestRestTemplateContextCustomizer@593aaf41, org.springframework.boot.test.autoconfigure.properties.PropertyMappingContextCustomizer@0, org.springframework.boot.test.autoconfigure.web.servlet.WebDriverContextCustomizerFactory$Customizer@659499f1, org.springframework.boot.test.context.SpringBootTestArgs@1], resourceBasePath = 'src/main/webapp', contextLoader = 'org.springframework.boot.test.context.SpringBootContextLoader', parent = [null]], attributes = map['org.springframework.test.context.web.ServletTestExecutionListener.activateListener' -> true, 'org.springframework.test.context.web.ServletTestExecutionListener.populatedRequestContextHolder' -> true, 'org.springframework.test.context.web.ServletTestExecutionListener.resetRequestContextHolder' -> true]]
]]></system-out>
  </testcase>
  <testcase name="tituloIgual" classname="com.basis.sge.service.recurso.TestNegativosRecursoIT" time="0.247">
    <error message="Request processing failed; nested exception is com.basis.sge.service.servico.RegraNegocioException: Um evento com esse titulo já existe" type="org.springframework.web.util.NestedServletException">org.springframework.web.util.NestedServletException: Request processing failed; nested exception is com.basis.sge.service.servico.RegraNegocioException: Um evento com esse titulo já existe
	at com.basis.sge.service.recurso.TestNegativosRecursoIT.tituloIgual(TestNegativosRecursoIT.java:67)
Caused by: com.basis.sge.service.servico.RegraNegocioException: Um evento com esse titulo já existe
	at com.basis.sge.service.recurso.TestNegativosRecursoIT.tituloIgual(TestNegativosRecursoIT.java:67)
</error>
    <system-out><![CDATA[2021-01-22 15:50:15.907  INFO 10932 --- [           main] o.s.t.c.transaction.TransactionContext   : Began transaction (1) for test context [DefaultTestContext@5db05003 testClass = TestNegativosRecursoIT, testInstance = com.basis.sge.service.recurso.TestNegativosRecursoIT@5d33426a, testMethod = tituloIgual@TestNegativosRecursoIT, testException = [null], mergedContextConfiguration = [WebMergedContextConfiguration@57e9dd1f testClass = TestNegativosRecursoIT, locations = '{}', classes = '{class com.basis.sge.service.ServiceApplication, class com.basis.sge.service.ServiceApplication}', contextInitializerClasses = '[]', activeProfiles = '{}', propertySourceLocations = '{}', propertySourceProperties = '{org.springframework.boot.test.context.SpringBootTestContextBootstrapper=true}', contextCustomizers = set[org.springframework.boot.test.context.filter.ExcludeFilterContextCustomizer@58695725, org.springframework.boot.test.json.DuplicateJsonObjectContextCustomizerFactory$DuplicateJsonObjectContextCustomizer@4fb3ee4e, org.springframework.boot.test.mock.mockito.MockitoContextCustomizer@0, org.springframework.boot.test.web.client.TestRestTemplateContextCustomizer@593aaf41, org.springframework.boot.test.autoconfigure.properties.PropertyMappingContextCustomizer@0, org.springframework.boot.test.autoconfigure.web.servlet.WebDriverContextCustomizerFactory$Customizer@659499f1, org.springframework.boot.test.context.SpringBootTestArgs@1], resourceBasePath = 'src/main/webapp', contextLoader = 'org.springframework.boot.test.context.SpringBootContextLoader', parent = [null]], attributes = map['org.springframework.test.context.web.ServletTestExecutionListener.activateListener' -> true, 'org.springframework.test.context.web.ServletTestExecutionListener.populatedRequestContextHolder' -> true, 'org.springframework.test.context.web.ServletTestExecutionListener.resetRequestContextHolder' -> true]]; transaction manager [org.springframework.orm.jpa.JpaTransactionManager@457607d8]; rollback [true]
2021-01-22 15:50:15.911  INFO 10932 --- [           main] o.s.b.t.m.w.SpringBootMockServletContext : Initializing Spring TestDispatcherServlet ''
2021-01-22 15:50:15.912  INFO 10932 --- [           main] o.s.t.web.servlet.TestDispatcherServlet  : Initializing Servlet ''
2021-01-22 15:50:15.919  INFO 10932 --- [           main] o.s.t.web.servlet.TestDispatcherServlet  : Completed initialization in 6 ms
Hibernate: select evento0_.id as id1_0_, evento0_.data_inicio as data_ini2_0_, evento0_.data_termino as data_ter3_0_, evento0_.descricao as descrica4_0_, evento0_.local as local5_0_, evento0_.qt_vagas as qt_vagas6_0_, evento0_.id_tipo_evento as id_tipo10_0_, evento0_.tipo_inscricao as tipo_ins7_0_, evento0_.titulo as titulo8_0_, evento0_.valor as valor9_0_ from evento evento0_
Hibernate: select evento0_.id as col_0_0_ from evento evento0_ where evento0_.titulo=? limit ?
Hibernate: select count(*) as col_0_0_ from tipo_evento tipoevento0_ where tipoevento0_.id=?
Hibernate: select nextval ('sq_evento')
Hibernate: select tipoevento_.id, tipoevento_.descricao as descrica2_5_ from tipo_evento tipoevento_ where tipoevento_.id=?
Hibernate: insert into evento (data_inicio, data_termino, descricao, local, qt_vagas, id_tipo_evento, tipo_inscricao, titulo, valor, id) values (?, ?, ?, ?, ?, ?, ?, ?, ?, ?)
Hibernate: select evento0_.id as col_0_0_ from evento evento0_ where evento0_.titulo=? limit ?
2021-01-22 15:50:16.148  INFO 10932 --- [           main] o.s.t.c.transaction.TransactionContext   : Rolled back transaction for test: [DefaultTestContext@5db05003 testClass = TestNegativosRecursoIT, testInstance = com.basis.sge.service.recurso.TestNegativosRecursoIT@5d33426a, testMethod = tituloIgual@TestNegativosRecursoIT, testException = org.springframework.web.util.NestedServletException: Request processing failed; nested exception is com.basis.sge.service.servico.RegraNegocioException: Um evento com esse titulo já existe, mergedContextConfiguration = [WebMergedContextConfiguration@57e9dd1f testClass = TestNegativosRecursoIT, locations = '{}', classes = '{class com.basis.sge.service.ServiceApplication, class com.basis.sge.service.ServiceApplication}', contextInitializerClasses = '[]', activeProfiles = '{}', propertySourceLocations = '{}', propertySourceProperties = '{org.springframework.boot.test.context.SpringBootTestContextBootstrapper=true}', contextCustomizers = set[org.springframework.boot.test.context.filter.ExcludeFilterContextCustomizer@58695725, org.springframework.boot.test.json.DuplicateJsonObjectContextCustomizerFactory$DuplicateJsonObjectContextCustomizer@4fb3ee4e, org.springframework.boot.test.mock.mockito.MockitoContextCustomizer@0, org.springframework.boot.test.web.client.TestRestTemplateContextCustomizer@593aaf41, org.springframework.boot.test.autoconfigure.properties.PropertyMappingContextCustomizer@0, org.springframework.boot.test.autoconfigure.web.servlet.WebDriverContextCustomizerFactory$Customizer@659499f1, org.springframework.boot.test.context.SpringBootTestArgs@1], resourceBasePath = 'src/main/webapp', contextLoader = 'org.springframework.boot.test.context.SpringBootContextLoader', parent = [null]], attributes = map['org.springframework.test.context.web.ServletTestExecutionListener.activateListener' -> true, 'org.springframework.test.context.web.ServletTestExecutionListener.populatedRequestContextHolder' -> true, 'org.springframework.test.context.web.ServletTestExecutionListener.resetRequestContextHolder' -> true]]
]]></system-out>
  </testcase>
</testsuite>